# JRE version: Java(TM) SE Runtime Environment (8.0_51-b16) (build 1.8.0_51-b16)
# Java VM: Java HotSpot(TM) 64-Bit Server VM (25.51-b03 mixed mode windows-amd64 compressed oops)
Heap:
 PSYoungGen      total 335360K, used 227746K [0x000000076b400000, 0x0000000784380000, 0x00000007c0000000)
  eden space 316416K, 67% used [0x000000076b400000,0x000000077849baa0,0x000000077e900000)
  from space 18944K, 74% used [0x000000077fb80000,0x000000078094d018,0x0000000780e00000)
  to   space 18944K, 0% used [0x000000077e900000,0x000000077e900000,0x000000077fb80000)
 ParOldGen       total 171008K, used 25811K [0x00000006c1c00000, 0x00000006cc300000, 0x000000076b400000)
  object space 171008K, 15% used [0x00000006c1c00000,0x00000006c3534cc8,0x00000006cc300000)
 Metaspace       used 50734K, capacity 51962K, committed 52056K, reserved 1093632K
  class space    used 6792K, capacity 7001K, committed 7040K, reserved 1048576K
GC Heap History (10 events):
Event: 1.713 GC heap before
{Heap before GC invocations=4 (full 1):
 PSYoungGen      total 141824K, used 10157K [0x000000076b400000, 0x000000077c900000, 0x00000007c0000000)
  eden space 131072K, 0% used [0x000000076b400000,0x000000076b400000,0x0000000773400000)
  from space 10752K, 94% used [0x0000000773400000,0x0000000773deb6f0,0x0000000773e80000)
  to   space 10752K, 0% used [0x000000077be80000,0x000000077be80000,0x000000077c900000)
 ParOldGen       total 175104K, used 104K [0x00000006c1c00000, 0x00000006cc700000, 0x000000076b400000)
  object space 175104K, 0% used [0x00000006c1c00000,0x00000006c1c1a010,0x00000006cc700000)
 Metaspace       used 20789K, capacity 21146K, committed 21248K, reserved 1067008K
  class space    used 2686K, capacity 2774K, committed 2816K, reserved 1048576K
Event: 1.744 GC heap after
Heap after GC invocations=4 (full 1):
 PSYoungGen      total 141824K, used 0K [0x000000076b400000, 0x000000077c900000, 0x00000007c0000000)
  eden space 131072K, 0% used [0x000000076b400000,0x000000076b400000,0x0000000773400000)
  from space 10752K, 0% used [0x0000000773400000,0x0000000773400000,0x0000000773e80000)
  to   space 10752K, 0% used [0x000000077be80000,0x000000077be80000,0x000000077c900000)
 ParOldGen       total 100864K, used 10004K [0x00000006c1c00000, 0x00000006c7e80000, 0x000000076b400000)
  object space 100864K, 9% used [0x00000006c1c00000,0x00000006c25c5118,0x00000006c7e80000)
 Metaspace       used 20789K, capacity 21146K, committed 21248K, reserved 1067008K
  class space    used 2686K, capacity 2774K, committed 2816K, reserved 1048576K
}
Event: 2.372 GC heap before
{Heap before GC invocations=5 (full 1):
 PSYoungGen      total 141824K, used 131072K [0x000000076b400000, 0x000000077c900000, 0x00000007c0000000)
  eden space 131072K, 100% used [0x000000076b400000,0x0000000773400000,0x0000000773400000)
  from space 10752K, 0% used [0x0000000773400000,0x0000000773400000,0x0000000773e80000)
  to   space 10752K, 0% used [0x000000077be80000,0x000000077be80000,0x000000077c900000)
 ParOldGen       total 100864K, used 10004K [0x00000006c1c00000, 0x00000006c7e80000, 0x000000076b400000)
  object space 100864K, 9% used [0x00000006c1c00000,0x00000006c25c5118,0x00000006c7e80000)
 Metaspace       used 26036K, capacity 26426K, committed 26624K, reserved 1073152K
  class space    used 3376K, capacity 3494K, committed 3584K, reserved 1048576K
Event: 2.379 GC heap after
Heap after GC invocations=5 (full 1):
 PSYoungGen      total 217600K, used 10720K [0x000000076b400000, 0x000000077c900000, 0x00000007c0000000)
  eden space 206848K, 0% used [0x000000076b400000,0x000000076b400000,0x0000000777e00000)
  from space 10752K, 99% used [0x000000077be80000,0x000000077c8f82d8,0x000000077c900000)
  to   space 10752K, 0% used [0x000000077b400000,0x000000077b400000,0x000000077be80000)
 ParOldGen       total 100864K, used 10672K [0x00000006c1c00000, 0x00000006c7e80000, 0x000000076b400000)
  object space 100864K, 10% used [0x00000006c1c00000,0x00000006c266c088,0x00000006c7e80000)
 Metaspace       used 26036K, capacity 26426K, committed 26624K, reserved 1073152K
  class space    used 3376K, capacity 3494K, committed 3584K, reserved 1048576K
}
Event: 3.949 GC heap before
{Heap before GC invocations=6 (full 1):
 PSYoungGen      total 217600K, used 172615K [0x000000076b400000, 0x000000077c900000, 0x00000007c0000000)
  eden space 206848K, 78% used [0x000000076b400000,0x0000000775219ce0,0x0000000777e00000)
  from space 10752K, 99% used [0x000000077be80000,0x000000077c8f82d8,0x000000077c900000)
  to   space 10752K, 0% used [0x000000077b400000,0x000000077b400000,0x000000077be80000)
 ParOldGen       total 100864K, used 10672K [0x00000006c1c00000, 0x00000006c7e80000, 0x000000076b400000)
  object space 100864K, 10% used [0x00000006c1c00000,0x00000006c266c088,0x00000006c7e80000)
 Metaspace       used 34630K, capacity 35068K, committed 35416K, reserved 1079296K
  class space    used 4547K, capacity 4657K, committed 4736K, reserved 1048576K
Event: 3.960 GC heap after
Heap after GC invocations=6 (full 1):
 PSYoungGen      total 272896K, used 10725K [0x000000076b400000, 0x0000000780e00000, 0x00000007c0000000)
  eden space 262144K, 0% used [0x000000076b400000,0x000000076b400000,0x000000077b400000)
  from space 10752K, 99% used [0x000000077b400000,0x000000077be79530,0x000000077be80000)
  to   space 18944K, 0% used [0x000000077fb80000,0x000000077fb80000,0x0000000780e00000)
 ParOldGen       total 100864K, used 19347K [0x00000006c1c00000, 0x00000006c7e80000, 0x000000076b400000)
  object space 100864K, 19% used [0x00000006c1c00000,0x00000006c2ee4c28,0x00000006c7e80000)
 Metaspace       used 34630K, capacity 35068K, committed 35416K, reserved 1079296K
  class space    used 4547K, capacity 4657K, committed 4736K, reserved 1048576K
}
Event: 3.960 GC heap before
{Heap before GC invocations=7 (full 2):
 PSYoungGen      total 272896K, used 10725K [0x000000076b400000, 0x0000000780e00000, 0x00000007c0000000)
  eden space 262144K, 0% used [0x000000076b400000,0x000000076b400000,0x000000077b400000)
  from space 10752K, 99% used [0x000000077b400000,0x000000077be79530,0x000000077be80000)
  to   space 18944K, 0% used [0x000000077fb80000,0x000000077fb80000,0x0000000780e00000)
 ParOldGen       total 100864K, used 19347K [0x00000006c1c00000, 0x00000006c7e80000, 0x000000076b400000)
  object space 100864K, 19% used [0x00000006c1c00000,0x00000006c2ee4c28,0x00000006c7e80000)
 Metaspace       used 34630K, capacity 35068K, committed 35416K, reserved 1079296K
  class space    used 4547K, capacity 4657K, committed 4736K, reserved 1048576K
Event: 4.024 GC heap after
Heap after GC invocations=7 (full 2):
 PSYoungGen      total 272896K, used 0K [0x000000076b400000, 0x0000000780e00000, 0x00000007c0000000)
  eden space 262144K, 0% used [0x000000076b400000,0x000000076b400000,0x000000077b400000)
  from space 10752K, 0% used [0x000000077b400000,0x000000077b400000,0x000000077be80000)
  to   space 18944K, 0% used [0x000000077fb80000,0x000000077fb80000,0x0000000780e00000)
 ParOldGen       total 171008K, used 25803K [0x00000006c1c00000, 0x00000006cc300000, 0x000000076b400000)
  object space 171008K, 15% used [0x00000006c1c00000,0x00000006c3532cc8,0x00000006cc300000)
 Metaspace       used 34630K, capacity 35068K, committed 35416K, reserved 1079296K
  class space    used 4547K, capacity 4657K, committed 4736K, reserved 1048576K
}
Event: 7.176 GC heap before
{Heap before GC invocations=8 (full 2):
 PSYoungGen      total 272896K, used 262144K [0x000000076b400000, 0x0000000780e00000, 0x00000007c0000000)
  eden space 262144K, 100% used [0x000000076b400000,0x000000077b400000,0x000000077b400000)
  from space 10752K, 0% used [0x000000077b400000,0x000000077b400000,0x000000077be80000)
  to   space 18944K, 0% used [0x000000077fb80000,0x000000077fb80000,0x0000000780e00000)
 ParOldGen       total 171008K, used 25803K [0x00000006c1c00000, 0x00000006cc300000, 0x000000076b400000)
  object space 171008K, 15% used [0x00000006c1c00000,0x00000006c3532cc8,0x00000006cc300000)
 Metaspace       used 43399K, capacity 43938K, committed 44504K, reserved 1087488K
  class space    used 5733K, capacity 5841K, committed 5888K, reserved 1048576K
Event: 7.190 GC heap after
Heap after GC invocations=8 (full 2):
 PSYoungGen      total 335360K, used 14132K [0x000000076b400000, 0x0000000784380000, 0x00000007c0000000)
  eden space 316416K, 0% used [0x000000076b400000,0x000000076b400000,0x000000077e900000)
  from space 18944K, 74% used [0x000000077fb80000,0x000000078094d018,0x0000000780e00000)
  to   space 18944K, 0% used [0x000000077e900000,0x000000077e900000,0x000000077fb80000)
 ParOldGen       total 171008K, used 25811K [0x00000006c1c00000, 0x00000006cc300000, 0x000000076b400000)
  object space 171008K, 15% used [0x00000006c1c00000,0x00000006c3534cc8,0x00000006cc300000)
 Metaspace       used 43399K, capacity 43938K, committed 44504K, reserved 1087488K
  class space    used 5733K, capacity 5841K, committed 5888K, reserved 1048576K
}

